<?xml version="1.0" encoding="UTF-8"?>
<!-- Generated by org.testng.reporters.JUnitReportReporter -->
<testsuite hostname="miracle-OptiPlex-3060" failures="0" tests="1" name="com.jpa.demo.JpAproject23ApplicationTests" time="1.001" errors="0" timestamp="2021-08-29T20:01:27 EDT" skipped="0">
  <testcase classname="com.jpa.demo.JpAproject23ApplicationTests" name="contextLoads" time="1.001"/>
  <system-out/>
</testsuite> <!-- com.jpa.demo.JpAproject23ApplicationTests -->
